<?xml version="1.0" encoding="UTF-8"?>
<!-- Generated by org.testng.reporters.JUnitReportReporter -->
<testsuite hostname="DESKTOP-G5FB4PJ" failures="0" tests="1" name="qa.TestCases.TestCase1" time="126.882" errors="0" timestamp="2024-11-26T16:01:45 IST" skipped="0">
  <testcase classname="qa.TestCases.TestCase1" name="revenueCalculatorTest" time="126.882"/>
</testsuite> <!-- qa.TestCases.TestCase1 -->
